This file contains any messages produced by compilers while
running configure, to aid debugging if configure makes a mistake.

It was created by mtd-utils configure 2.1.2, which was
generated by GNU Autoconf 2.69.  Invocation command line was

  $ ./configure 

## --------- ##
## Platform. ##
## --------- ##

hostname = localhost
uname -m = armv7l
uname -r = 5.4.0-xilinx-v2020.1
uname -s = Linux
uname -v = #1 SMP PREEMPT Thu Nov 19 17:04:28 UTC 2020

/usr/bin/uname -p = armv7l
/bin/uname -X     = unknown

/bin/arch              = armv7l
/usr/bin/arch -k       = unknown
/usr/convex/getsysinfo = unknown
/usr/bin/hostinfo      = unknown
/bin/machine           = unknown
/usr/bin/oslevel       = unknown
/bin/universe          = unknown

PATH: /usr/local/sbin
PATH: /usr/local/bin
PATH: /usr/sbin
PATH: /usr/bin
PATH: /root/bin


## ----------- ##
## Core tests. ##
## ----------- ##

configure:2611: checking for a BSD-compatible install
configure:2679: result: /usr/bin/install -c
configure:2690: checking whether build environment is sane
configure:2745: result: yes
configure:2896: checking for a thread-safe mkdir -p
configure:2935: result: /usr/bin/mkdir -p
configure:2942: checking for gawk
configure:2958: found /usr/bin/gawk
configure:2969: result: gawk
configure:2980: checking whether make sets $(MAKE)
configure:3002: result: yes
configure:3031: checking whether make supports nested variables
configure:3048: result: yes
configure:3185: checking whether make supports nested variables
configure:3202: result: yes
configure:3242: checking build system type
configure:3256: result: armv7l-unknown-linux-gnueabihf
configure:3276: checking host system type
configure:3289: result: armv7l-unknown-linux-gnueabihf
configure:3330: checking how to print strings
configure:3357: result: printf
configure:3382: checking whether make supports the include directive
configure:3397: make -f confmf.GNU && cat confinc.out
this is the am__doit target
configure:3400: $? = 0
configure:3419: result: yes (GNU style)
configure:3489: checking for gcc
configure:3505: found /usr/bin/gcc
configure:3516: result: gcc
configure:3745: checking for C compiler version
configure:3754: gcc --version >&5
gcc (GCC) 4.8.5 20150623 (Red Hat 4.8.5-39)
Copyright (C) 2015 Free Software Foundation, Inc.
This is free software; see the source for copying conditions.  There is NO
warranty; not even for MERCHANTABILITY or FITNESS FOR A PARTICULAR PURPOSE.

configure:3765: $? = 0
configure:3754: gcc -v >&5
Using built-in specs.
COLLECT_GCC=gcc
COLLECT_LTO_WRAPPER=/usr/libexec/gcc/armv7hl-redhat-linux-gnueabi/4.8.5/lto-wrapper
Target: armv7hl-redhat-linux-gnueabi
Configured with: ../configure --prefix=/usr --mandir=/usr/share/man --infodir=/usr/share/info --with-bugurl=http://bugzilla.redhat.com/bugzilla --enable-bootstrap --enable-shared --enable-threads=posix --enable-checking=release --with-system-zlib --enable-__cxa_atexit --disable-libunwind-exceptions --enable-gnu-unique-object --enable-linker-build-id --with-linker-hash-style=gnu --enable-languages=c,c++,objc,obj-c++,java,fortran,ada,go,lto --enable-plugin --enable-initfini-array --disable-libgcj --with-isl=/builddir/build/BUILD/gcc-4.8.5-20150702/obj-armv7hl-redhat-linux-gnueabi/isl-install --with-cloog=/builddir/build/BUILD/gcc-4.8.5-20150702/obj-armv7hl-redhat-linux-gnueabi/cloog-install --enable-gnu-indirect-function --disable-sjlj-exceptions --with-cpu=cortex-a8 --with-tune=cortex-a8 --with-arch=armv7-a --with-float=hard --with-fpu=vfpv3-d16 --with-abi=aapcs-linux --build=armv7hl-redhat-linux-gnueabi
Thread model: posix
gcc version 4.8.5 20150623 (Red Hat 4.8.5-39) (GCC) 
configure:3765: $? = 0
configure:3754: gcc -V >&5
gcc: error: unrecognized command line option '-V'
gcc: fatal error: no input files
compilation terminated.
configure:3765: $? = 4
configure:3754: gcc -qversion >&5
gcc: error: unrecognized command line option '-qversion'
gcc: fatal error: no input files
compilation terminated.
configure:3765: $? = 4
configure:3785: checking whether the C compiler works
configure:3807: gcc    conftest.c  >&5
configure:3811: $? = 0
configure:3859: result: yes
configure:3862: checking for C compiler default output file name
configure:3864: result: a.out
configure:3870: checking for suffix of executables
configure:3877: gcc -o conftest    conftest.c  >&5
configure:3881: $? = 0
configure:3903: result: 
configure:3925: checking whether we are cross compiling
configure:3933: gcc -o conftest    conftest.c  >&5
configure:3937: $? = 0
configure:3944: ./conftest
configure:3948: $? = 0
configure:3963: result: no
configure:3968: checking for suffix of object files
configure:3990: gcc -c   conftest.c >&5
configure:3994: $? = 0
configure:4015: result: o
configure:4019: checking whether we are using the GNU C compiler
configure:4038: gcc -c   conftest.c >&5
configure:4038: $? = 0
configure:4047: result: yes
configure:4056: checking whether gcc accepts -g
configure:4076: gcc -c -g  conftest.c >&5
configure:4076: $? = 0
configure:4117: result: yes
configure:4134: checking for gcc option to accept ISO C89
configure:4197: gcc  -c -g -O2  conftest.c >&5
configure:4197: $? = 0
configure:4210: result: none needed
configure:4235: checking whether gcc understands -c and -o together
configure:4257: gcc -c conftest.c -o conftest2.o
configure:4260: $? = 0
configure:4257: gcc -c conftest.c -o conftest2.o
configure:4260: $? = 0
configure:4272: result: yes
configure:4291: checking dependency style of gcc
configure:4402: result: gcc3
configure:4417: checking for a sed that does not truncate output
configure:4481: result: /usr/bin/sed
configure:4499: checking for grep that handles long lines and -e
configure:4557: result: /usr/bin/grep
configure:4562: checking for egrep
configure:4624: result: /usr/bin/grep -E
configure:4629: checking for fgrep
configure:4691: result: /usr/bin/grep -F
configure:4726: checking for ld used by gcc
configure:4793: result: /usr/bin/ld
configure:4800: checking if the linker (/usr/bin/ld) is GNU ld
configure:4815: result: yes
configure:4827: checking for BSD- or MS-compatible name lister (nm)
configure:4881: result: /usr/bin/nm -B
configure:5011: checking the name lister (/usr/bin/nm -B) interface
configure:5018: gcc -c -g -O2  conftest.c >&5
configure:5021: /usr/bin/nm -B "conftest.o"
configure:5024: output
00000000 B some_variable
configure:5031: result: BSD nm
configure:5034: checking whether ln -s works
configure:5038: result: yes
configure:5046: checking the maximum length of command line arguments
configure:5177: result: 1572864
configure:5225: checking how to convert armv7l-unknown-linux-gnueabihf file names to armv7l-unknown-linux-gnueabihf format
configure:5265: result: func_convert_file_noop
configure:5272: checking how to convert armv7l-unknown-linux-gnueabihf file names to toolchain format
configure:5292: result: func_convert_file_noop
configure:5299: checking for /usr/bin/ld option to reload object files
configure:5306: result: -r
configure:5380: checking for objdump
configure:5396: found /usr/bin/objdump
configure:5407: result: objdump
configure:5439: checking how to recognize dependent libraries
configure:5639: result: pass_all
configure:5724: checking for dlltool
configure:5754: result: no
configure:5784: checking how to associate runtime and link libraries
configure:5811: result: printf %s\n
configure:5872: checking for ar
configure:5888: found /usr/bin/ar
configure:5899: result: ar
configure:5936: checking for archiver @FILE support
configure:5953: gcc -c -g -O2  conftest.c >&5
configure:5953: $? = 0
configure:5956: ar cru libconftest.a @conftest.lst >&5
configure:5959: $? = 0
configure:5964: ar cru libconftest.a @conftest.lst >&5
ar: conftest.o: No such file or directory
configure:5967: $? = 1
configure:5979: result: @
configure:6037: checking for strip
configure:6053: found /usr/bin/strip
configure:6064: result: strip
configure:6136: checking for ranlib
configure:6152: found /usr/bin/ranlib
configure:6163: result: ranlib
configure:6265: checking command to parse /usr/bin/nm -B output from gcc object
configure:6418: gcc -c -g -O2  conftest.c >&5
configure:6421: $? = 0
configure:6425: /usr/bin/nm -B conftest.o \| sed -n -e 's/^.*[ ]\([ABCDGIRSTW][ABCDGIRSTW]*\)[ ][ ]*\([_A-Za-z][_A-Za-z0-9]*\)$/\1 \2 \2/p' | sed '/ __gnu_lto/d' \> conftest.nm
configure:6428: $? = 0
configure:6494: gcc -o conftest -g -O2   conftest.c conftstm.o >&5
configure:6497: $? = 0
configure:6535: result: ok
configure:6582: checking for sysroot
configure:6612: result: no
configure:6619: checking for a working dd
configure:6657: result: /usr/bin/dd
configure:6661: checking how to truncate binary pipes
configure:6676: result: /usr/bin/dd bs=4096 count=1
configure:7005: checking for mt
configure:7035: result: no
configure:7055: checking if : is a manifest tool
configure:7061: : '-?'
configure:7069: result: no
configure:7746: checking how to run the C preprocessor
configure:7777: gcc -E  conftest.c
configure:7777: $? = 0
configure:7791: gcc -E  conftest.c
conftest.c:11:28: fatal error: ac_nonexistent.h: No such file or directory
 #include <ac_nonexistent.h>
                            ^
compilation terminated.
configure:7791: $? = 1
configure: failed program was:
| /* confdefs.h */
| #define PACKAGE_NAME "mtd-utils"
| #define PACKAGE_TARNAME "mtd-utils"
| #define PACKAGE_VERSION "2.1.2"
| #define PACKAGE_STRING "mtd-utils 2.1.2"
| #define PACKAGE_BUGREPORT "linux-mtd@lists.infradead.org"
| #define PACKAGE_URL ""
| #define PACKAGE "mtd-utils"
| #define VERSION "2.1.2"
| /* end confdefs.h.  */
| #include <ac_nonexistent.h>
configure:7816: result: gcc -E
configure:7836: gcc -E  conftest.c
configure:7836: $? = 0
configure:7850: gcc -E  conftest.c
conftest.c:11:28: fatal error: ac_nonexistent.h: No such file or directory
 #include <ac_nonexistent.h>
                            ^
compilation terminated.
configure:7850: $? = 1
configure: failed program was:
| /* confdefs.h */
| #define PACKAGE_NAME "mtd-utils"
| #define PACKAGE_TARNAME "mtd-utils"
| #define PACKAGE_VERSION "2.1.2"
| #define PACKAGE_STRING "mtd-utils 2.1.2"
| #define PACKAGE_BUGREPORT "linux-mtd@lists.infradead.org"
| #define PACKAGE_URL ""
| #define PACKAGE "mtd-utils"
| #define VERSION "2.1.2"
| /* end confdefs.h.  */
| #include <ac_nonexistent.h>
configure:7879: checking for ANSI C header files
configure:7899: gcc -c -g -O2  conftest.c >&5
configure:7899: $? = 0
configure:7972: gcc -o conftest -g -O2   conftest.c  >&5
configure:7972: $? = 0
configure:7972: ./conftest
configure:7972: $? = 0
configure:7983: result: yes
configure:7996: checking for sys/types.h
configure:7996: gcc -c -g -O2  conftest.c >&5
configure:7996: $? = 0
configure:7996: result: yes
configure:7996: checking for sys/stat.h
configure:7996: gcc -c -g -O2  conftest.c >&5
configure:7996: $? = 0
configure:7996: result: yes
configure:7996: checking for stdlib.h
configure:7996: gcc -c -g -O2  conftest.c >&5
configure:7996: $? = 0
configure:7996: result: yes
configure:7996: checking for string.h
configure:7996: gcc -c -g -O2  conftest.c >&5
configure:7996: $? = 0
configure:7996: result: yes
configure:7996: checking for memory.h
configure:7996: gcc -c -g -O2  conftest.c >&5
configure:7996: $? = 0
configure:7996: result: yes
configure:7996: checking for strings.h
configure:7996: gcc -c -g -O2  conftest.c >&5
configure:7996: $? = 0
configure:7996: result: yes
configure:7996: checking for inttypes.h
configure:7996: gcc -c -g -O2  conftest.c >&5
configure:7996: $? = 0
configure:7996: result: yes
configure:7996: checking for stdint.h
configure:7996: gcc -c -g -O2  conftest.c >&5
configure:7996: $? = 0
configure:7996: result: yes
configure:7996: checking for unistd.h
configure:7996: gcc -c -g -O2  conftest.c >&5
configure:7996: $? = 0
configure:7996: result: yes
configure:8010: checking for dlfcn.h
configure:8010: gcc -c -g -O2  conftest.c >&5
configure:8010: $? = 0
configure:8010: result: yes
configure:8266: checking for objdir
configure:8281: result: .libs
configure:8545: checking if gcc supports -fno-rtti -fno-exceptions
configure:8563: gcc -c -g -O2  -fno-rtti -fno-exceptions conftest.c >&5
cc1: warning: command line option '-fno-rtti' is valid for C++/ObjC++ but not for C [enabled by default]
configure:8567: $? = 0
configure:8580: result: no
configure:8938: checking for gcc option to produce PIC
configure:8945: result: -fPIC -DPIC
configure:8953: checking if gcc PIC flag -fPIC -DPIC works
configure:8971: gcc -c -g -O2  -fPIC -DPIC -DPIC conftest.c >&5
configure:8975: $? = 0
configure:8988: result: yes
configure:9017: checking if gcc static flag -static works
configure:9045: result: no
configure:9060: checking if gcc supports -c -o file.o
configure:9081: gcc -c -g -O2  -o out/conftest2.o conftest.c >&5
configure:9085: $? = 0
configure:9107: result: yes
configure:9115: checking if gcc supports -c -o file.o
configure:9162: result: yes
configure:9195: checking whether the gcc linker (/usr/bin/ld) supports shared libraries
configure:10454: result: yes
configure:10491: checking whether -lc should be explicitly linked in
configure:10499: gcc -c -g -O2  conftest.c >&5
configure:10502: $? = 0
configure:10517: gcc -shared  -fPIC -DPIC conftest.o  -v -Wl,-soname -Wl,conftest -o conftest 2\>\&1 \| /usr/bin/grep  -lc  \>/dev/null 2\>\&1
configure:10520: $? = 0
configure:10534: result: no
configure:10694: checking dynamic linker characteristics
configure:11275: gcc -o conftest -g -O2   -Wl,-rpath -Wl,/foo conftest.c  >&5
configure:11275: $? = 0
configure:11515: result: GNU/Linux ld.so
configure:11637: checking how to hardcode library paths into programs
configure:11662: result: immediate
configure:12210: checking whether stripping libraries is possible
configure:12215: result: yes
configure:12250: checking if libtool supports shared libraries
configure:12252: result: yes
configure:12255: checking whether to build shared libraries
configure:12280: result: yes
configure:12283: checking whether to build static libraries
configure:12287: result: yes
configure:12400: checking for gcc
configure:12427: result: gcc
configure:12656: checking for C compiler version
configure:12665: gcc --version >&5
gcc (GCC) 4.8.5 20150623 (Red Hat 4.8.5-39)
Copyright (C) 2015 Free Software Foundation, Inc.
This is free software; see the source for copying conditions.  There is NO
warranty; not even for MERCHANTABILITY or FITNESS FOR A PARTICULAR PURPOSE.

configure:12676: $? = 0
configure:12665: gcc -v >&5
Using built-in specs.
COLLECT_GCC=gcc
COLLECT_LTO_WRAPPER=/usr/libexec/gcc/armv7hl-redhat-linux-gnueabi/4.8.5/lto-wrapper
Target: armv7hl-redhat-linux-gnueabi
Configured with: ../configure --prefix=/usr --mandir=/usr/share/man --infodir=/usr/share/info --with-bugurl=http://bugzilla.redhat.com/bugzilla --enable-bootstrap --enable-shared --enable-threads=posix --enable-checking=release --with-system-zlib --enable-__cxa_atexit --disable-libunwind-exceptions --enable-gnu-unique-object --enable-linker-build-id --with-linker-hash-style=gnu --enable-languages=c,c++,objc,obj-c++,java,fortran,ada,go,lto --enable-plugin --enable-initfini-array --disable-libgcj --with-isl=/builddir/build/BUILD/gcc-4.8.5-20150702/obj-armv7hl-redhat-linux-gnueabi/isl-install --with-cloog=/builddir/build/BUILD/gcc-4.8.5-20150702/obj-armv7hl-redhat-linux-gnueabi/cloog-install --enable-gnu-indirect-function --disable-sjlj-exceptions --with-cpu=cortex-a8 --with-tune=cortex-a8 --with-arch=armv7-a --with-float=hard --with-fpu=vfpv3-d16 --with-abi=aapcs-linux --build=armv7hl-redhat-linux-gnueabi
Thread model: posix
gcc version 4.8.5 20150623 (Red Hat 4.8.5-39) (GCC) 
configure:12676: $? = 0
configure:12665: gcc -V >&5
gcc: error: unrecognized command line option '-V'
gcc: fatal error: no input files
compilation terminated.
configure:12676: $? = 4
configure:12665: gcc -qversion >&5
gcc: error: unrecognized command line option '-qversion'
gcc: fatal error: no input files
compilation terminated.
configure:12676: $? = 4
configure:12680: checking whether we are using the GNU C compiler
configure:12708: result: yes
configure:12717: checking whether gcc accepts -g
configure:12778: result: yes
configure:12795: checking for gcc option to accept ISO C89
configure:12871: result: none needed
configure:12896: checking whether gcc understands -c and -o together
configure:12933: result: yes
configure:12952: checking dependency style of gcc
configure:13063: result: gcc3
configure:13136: checking for pkg-config
configure:13154: found /usr/bin/pkg-config
configure:13166: result: /usr/bin/pkg-config
configure:13191: checking pkg-config is at least version 0.9.0
configure:13194: result: yes
configure:13206: checking whether compiler handles -Wall
configure:13230: gcc -E -Werror  -Wall conftest.c
configure:13230: $? = 0
configure:13242: result: yes
configure:13250: checking whether compiler handles -Wextra
configure:13274: gcc -E -Werror  -Wextra conftest.c
configure:13274: $? = 0
configure:13286: result: yes
configure:13294: checking whether compiler handles -Wunused
configure:13318: gcc -E -Werror  -Wunused conftest.c
configure:13318: $? = 0
configure:13330: result: yes
configure:13338: checking whether compiler handles -Wmissing-prototypes
configure:13362: gcc -E -Werror  -Wmissing-prototypes conftest.c
configure:13362: $? = 0
configure:13374: result: yes
configure:13382: checking whether compiler handles -Wmissing-declarations
configure:13406: gcc -E -Werror  -Wmissing-declarations conftest.c
configure:13406: $? = 0
configure:13418: result: yes
configure:13426: checking whether compiler handles -Wwrite-strings
configure:13450: gcc -E -Werror  -Wwrite-strings conftest.c
configure:13450: $? = 0
configure:13462: result: yes
configure:13470: checking whether compiler handles -Wjump-misses-init
configure:13494: gcc -E -Werror  -Wjump-misses-init conftest.c
configure:13494: $? = 0
configure:13506: result: yes
configure:13514: checking whether compiler handles -Wuninitialized
configure:13538: gcc -E -Werror  -Wuninitialized conftest.c
configure:13538: $? = 0
configure:13550: result: yes
configure:13558: checking whether compiler handles -Winit-self
configure:13582: gcc -E -Werror  -Winit-self conftest.c
configure:13582: $? = 0
configure:13594: result: yes
configure:13602: checking whether compiler handles -Wlogical-op
configure:13626: gcc -E -Werror  -Wlogical-op conftest.c
configure:13626: $? = 0
configure:13638: result: yes
configure:13646: checking whether compiler handles -Wunused-but-set-parameter
configure:13670: gcc -E -Werror  -Wunused-but-set-parameter conftest.c
configure:13670: $? = 0
configure:13682: result: yes
configure:13690: checking whether compiler handles -Wunused-but-set-variable
configure:13714: gcc -E -Werror  -Wunused-but-set-variable conftest.c
configure:13714: $? = 0
configure:13726: result: yes
configure:13734: checking whether compiler handles -Wunused-parameter
configure:13758: gcc -E -Werror  -Wunused-parameter conftest.c
configure:13758: $? = 0
configure:13770: result: yes
configure:13778: checking whether compiler handles -Wunused-result
configure:13802: gcc -E -Werror  -Wunused-result conftest.c
configure:13802: $? = 0
configure:13814: result: yes
configure:13822: checking whether compiler handles -Wunused-variable
configure:13846: gcc -E -Werror  -Wunused-variable conftest.c
configure:13846: $? = 0
configure:13858: result: yes
configure:13866: checking whether compiler handles -Wduplicated-cond
configure:13890: gcc -E -Werror  -Wduplicated-cond conftest.c
gcc: error: unrecognized command line option '-Wduplicated-cond'
configure:13890: $? = 1
configure: failed program was:
| /* confdefs.h */
| #define PACKAGE_NAME "mtd-utils"
| #define PACKAGE_TARNAME "mtd-utils"
| #define PACKAGE_VERSION "2.1.2"
| #define PACKAGE_STRING "mtd-utils 2.1.2"
| #define PACKAGE_BUGREPORT "linux-mtd@lists.infradead.org"
| #define PACKAGE_URL ""
| #define PACKAGE "mtd-utils"
| #define VERSION "2.1.2"
| #define STDC_HEADERS 1
| #define HAVE_SYS_TYPES_H 1
| #define HAVE_SYS_STAT_H 1
| #define HAVE_STDLIB_H 1
| #define HAVE_STRING_H 1
| #define HAVE_MEMORY_H 1
| #define HAVE_STRINGS_H 1
| #define HAVE_INTTYPES_H 1
| #define HAVE_STDINT_H 1
| #define HAVE_UNISTD_H 1
| #define HAVE_DLFCN_H 1
| #define LT_OBJDIR ".libs/"
| /* end confdefs.h.  */
| 
| int
| main ()
| {
| 
|   ;
|   return 0;
| }
configure:13902: result: no
configure:13910: checking whether compiler handles -Wduplicated-branches
configure:13934: gcc -E -Werror  -Wduplicated-branches conftest.c
gcc: error: unrecognized command line option '-Wduplicated-branches'
configure:13934: $? = 1
configure: failed program was:
| /* confdefs.h */
| #define PACKAGE_NAME "mtd-utils"
| #define PACKAGE_TARNAME "mtd-utils"
| #define PACKAGE_VERSION "2.1.2"
| #define PACKAGE_STRING "mtd-utils 2.1.2"
| #define PACKAGE_BUGREPORT "linux-mtd@lists.infradead.org"
| #define PACKAGE_URL ""
| #define PACKAGE "mtd-utils"
| #define VERSION "2.1.2"
| #define STDC_HEADERS 1
| #define HAVE_SYS_TYPES_H 1
| #define HAVE_SYS_STAT_H 1
| #define HAVE_STDLIB_H 1
| #define HAVE_STRING_H 1
| #define HAVE_MEMORY_H 1
| #define HAVE_STRINGS_H 1
| #define HAVE_INTTYPES_H 1
| #define HAVE_STDINT_H 1
| #define HAVE_UNISTD_H 1
| #define HAVE_DLFCN_H 1
| #define LT_OBJDIR ".libs/"
| /* end confdefs.h.  */
| 
| int
| main ()
| {
| 
|   ;
|   return 0;
| }
configure:13946: result: no
configure:13954: checking whether compiler handles -Wrestrict
configure:13978: gcc -E -Werror  -Wrestrict conftest.c
gcc: error: unrecognized command line option '-Wrestrict'
configure:13978: $? = 1
configure: failed program was:
| /* confdefs.h */
| #define PACKAGE_NAME "mtd-utils"
| #define PACKAGE_TARNAME "mtd-utils"
| #define PACKAGE_VERSION "2.1.2"
| #define PACKAGE_STRING "mtd-utils 2.1.2"
| #define PACKAGE_BUGREPORT "linux-mtd@lists.infradead.org"
| #define PACKAGE_URL ""
| #define PACKAGE "mtd-utils"
| #define VERSION "2.1.2"
| #define STDC_HEADERS 1
| #define HAVE_SYS_TYPES_H 1
| #define HAVE_SYS_STAT_H 1
| #define HAVE_STDLIB_H 1
| #define HAVE_STRING_H 1
| #define HAVE_MEMORY_H 1
| #define HAVE_STRINGS_H 1
| #define HAVE_INTTYPES_H 1
| #define HAVE_STDINT_H 1
| #define HAVE_UNISTD_H 1
| #define HAVE_DLFCN_H 1
| #define LT_OBJDIR ".libs/"
| /* end confdefs.h.  */
| 
| int
| main ()
| {
| 
|   ;
|   return 0;
| }
configure:13990: result: no
configure:13998: checking whether compiler handles -Wnull-dereference
configure:14022: gcc -E -Werror  -Wnull-dereference conftest.c
gcc: error: unrecognized command line option '-Wnull-dereference'
configure:14022: $? = 1
configure: failed program was:
| /* confdefs.h */
| #define PACKAGE_NAME "mtd-utils"
| #define PACKAGE_TARNAME "mtd-utils"
| #define PACKAGE_VERSION "2.1.2"
| #define PACKAGE_STRING "mtd-utils 2.1.2"
| #define PACKAGE_BUGREPORT "linux-mtd@lists.infradead.org"
| #define PACKAGE_URL ""
| #define PACKAGE "mtd-utils"
| #define VERSION "2.1.2"
| #define STDC_HEADERS 1
| #define HAVE_SYS_TYPES_H 1
| #define HAVE_SYS_STAT_H 1
| #define HAVE_STDLIB_H 1
| #define HAVE_STRING_H 1
| #define HAVE_MEMORY_H 1
| #define HAVE_STRINGS_H 1
| #define HAVE_INTTYPES_H 1
| #define HAVE_STDINT_H 1
| #define HAVE_UNISTD_H 1
| #define HAVE_DLFCN_H 1
| #define LT_OBJDIR ".libs/"
| /* end confdefs.h.  */
| 
| int
| main ()
| {
| 
|   ;
|   return 0;
| }
configure:14034: result: no
configure:14043: checking whether compiler handles -Wno-shadow
configure:14067: gcc -E -Werror  -Wno-shadow conftest.c
configure:14067: $? = 0
configure:14079: result: yes
configure:14087: checking whether compiler handles -Wno-sign-compare
configure:14111: gcc -E -Werror  -Wno-sign-compare conftest.c
configure:14111: $? = 0
configure:14123: result: yes
configure:14430: checking for ZLIB
configure:14437: $PKG_CONFIG --exists --print-errors "zlib"
configure:14440: $? = 0
configure:14454: $PKG_CONFIG --exists --print-errors "zlib"
configure:14457: $? = 0
configure:14495: result: yes
configure:14578: checking for UUID
configure:14585: $PKG_CONFIG --exists --print-errors "uuid"
configure:14588: $? = 0
configure:14602: $PKG_CONFIG --exists --print-errors "uuid"
configure:14605: $? = 0
configure:14643: result: yes
configure:14650: checking for library containing clock_gettime
configure:14681: gcc -o conftest -g -O2   conftest.c  >&5
configure:14681: $? = 0
configure:14698: result: none required
configure:14708: checking for clock_gettime
configure:14708: gcc -o conftest -g -O2   conftest.c  >&5
configure:14708: $? = 0
configure:14708: result: yes
configure:14905: checking whether gcc is Clang
configure:14930: result: no
configure:15053: checking whether pthreads work with -pthread
configure:15147: gcc -o conftest -g -O2 -pthread   conftest.c   >&5
configure:15147: $? = 0
configure:15156: result: yes
configure:15175: checking for joinable pthread attribute
configure:15193: gcc -o conftest -g -O2 -pthread   conftest.c   >&5
configure:15193: $? = 0
configure:15201: result: PTHREAD_CREATE_JOINABLE
configure:15215: checking whether more special flags are required for pthreads
configure:15228: result: no
configure:15236: checking for PTHREAD_PRIO_INHERIT
configure:15252: gcc -o conftest -g -O2 -pthread   conftest.c   >&5
configure:15252: $? = 0
configure:15261: result: yes
configure:15368: checking for lzo1x_1_15_compress in -llzo2
configure:15393: gcc -o conftest -g -O2   conftest.c -llzo2   >&5
/usr/bin/ld: cannot find -llzo2
collect2: error: ld returned 1 exit status
configure:15393: $? = 1
configure: failed program was:
| /* confdefs.h */
| #define PACKAGE_NAME "mtd-utils"
| #define PACKAGE_TARNAME "mtd-utils"
| #define PACKAGE_VERSION "2.1.2"
| #define PACKAGE_STRING "mtd-utils 2.1.2"
| #define PACKAGE_BUGREPORT "linux-mtd@lists.infradead.org"
| #define PACKAGE_URL ""
| #define PACKAGE "mtd-utils"
| #define VERSION "2.1.2"
| #define STDC_HEADERS 1
| #define HAVE_SYS_TYPES_H 1
| #define HAVE_SYS_STAT_H 1
| #define HAVE_STDLIB_H 1
| #define HAVE_STRING_H 1
| #define HAVE_MEMORY_H 1
| #define HAVE_STRINGS_H 1
| #define HAVE_INTTYPES_H 1
| #define HAVE_STDINT_H 1
| #define HAVE_UNISTD_H 1
| #define HAVE_DLFCN_H 1
| #define LT_OBJDIR ".libs/"
| #define HAVE_CLOCK_GETTIME 1
| #define HAVE_PTHREAD_PRIO_INHERIT 1
| #define HAVE_PTHREAD 1
| /* end confdefs.h.  */
| 
| /* Override any GCC internal prototype to avoid an error.
|    Use char because int might match the return type of a GCC
|    builtin and then its argument prototype would still apply.  */
| #ifdef __cplusplus
| extern "C"
| #endif
| char lzo1x_1_15_compress ();
| int
| main ()
| {
| return lzo1x_1_15_compress ();
|   ;
|   return 0;
| }
configure:15402: result: no
configure:15407: checking for lzo1x_1_15_compress in -llzo
configure:15432: gcc -o conftest -g -O2   conftest.c -llzo   >&5
/usr/bin/ld: cannot find -llzo
collect2: error: ld returned 1 exit status
configure:15432: $? = 1
configure: failed program was:
| /* confdefs.h */
| #define PACKAGE_NAME "mtd-utils"
| #define PACKAGE_TARNAME "mtd-utils"
| #define PACKAGE_VERSION "2.1.2"
| #define PACKAGE_STRING "mtd-utils 2.1.2"
| #define PACKAGE_BUGREPORT "linux-mtd@lists.infradead.org"
| #define PACKAGE_URL ""
| #define PACKAGE "mtd-utils"
| #define VERSION "2.1.2"
| #define STDC_HEADERS 1
| #define HAVE_SYS_TYPES_H 1
| #define HAVE_SYS_STAT_H 1
| #define HAVE_STDLIB_H 1
| #define HAVE_STRING_H 1
| #define HAVE_MEMORY_H 1
| #define HAVE_STRINGS_H 1
| #define HAVE_INTTYPES_H 1
| #define HAVE_STDINT_H 1
| #define HAVE_UNISTD_H 1
| #define HAVE_DLFCN_H 1
| #define LT_OBJDIR ".libs/"
| #define HAVE_CLOCK_GETTIME 1
| #define HAVE_PTHREAD_PRIO_INHERIT 1
| #define HAVE_PTHREAD 1
| /* end confdefs.h.  */
| 
| /* Override any GCC internal prototype to avoid an error.
|    Use char because int might match the return type of a GCC
|    builtin and then its argument prototype would still apply.  */
| #ifdef __cplusplus
| extern "C"
| #endif
| char lzo1x_1_15_compress ();
| int
| main ()
| {
| return lzo1x_1_15_compress ();
|   ;
|   return 0;
| }
configure:15441: result: no
configure:15458: checking for ZSTD
configure:15465: $PKG_CONFIG --exists --print-errors "libzstd"
Package libzstd was not found in the pkg-config search path.
Perhaps you should add the directory containing `libzstd.pc'
to the PKG_CONFIG_PATH environment variable
No package 'libzstd' found
configure:15468: $? = 1
configure:15482: $PKG_CONFIG --exists --print-errors "libzstd"
Package libzstd was not found in the pkg-config search path.
Perhaps you should add the directory containing `libzstd.pc'
to the PKG_CONFIG_PATH environment variable
No package 'libzstd' found
configure:15485: $? = 1
configure:15499: result: no
No package 'libzstd' found
configure:15532: checking sys/xattr.h usability
configure:15532: gcc -c -g -O2  conftest.c >&5
configure:15532: $? = 0
configure:15532: result: yes
configure:15532: checking sys/xattr.h presence
configure:15532: gcc -E  conftest.c
configure:15532: $? = 0
configure:15532: result: yes
configure:15532: checking for sys/xattr.h
configure:15532: result: yes
configure:15546: checking sys/acl.h usability
configure:15546: gcc -c -g -O2  conftest.c >&5
conftest.c:60:21: fatal error: sys/acl.h: No such file or directory
 #include <sys/acl.h>
                     ^
compilation terminated.
configure:15546: $? = 1
configure: failed program was:
| /* confdefs.h */
| #define PACKAGE_NAME "mtd-utils"
| #define PACKAGE_TARNAME "mtd-utils"
| #define PACKAGE_VERSION "2.1.2"
| #define PACKAGE_STRING "mtd-utils 2.1.2"
| #define PACKAGE_BUGREPORT "linux-mtd@lists.infradead.org"
| #define PACKAGE_URL ""
| #define PACKAGE "mtd-utils"
| #define VERSION "2.1.2"
| #define STDC_HEADERS 1
| #define HAVE_SYS_TYPES_H 1
| #define HAVE_SYS_STAT_H 1
| #define HAVE_STDLIB_H 1
| #define HAVE_STRING_H 1
| #define HAVE_MEMORY_H 1
| #define HAVE_STRINGS_H 1
| #define HAVE_INTTYPES_H 1
| #define HAVE_STDINT_H 1
| #define HAVE_UNISTD_H 1
| #define HAVE_DLFCN_H 1
| #define LT_OBJDIR ".libs/"
| #define HAVE_CLOCK_GETTIME 1
| #define HAVE_PTHREAD_PRIO_INHERIT 1
| #define HAVE_PTHREAD 1
| #define HAVE_SYS_XATTR_H 1
| /* end confdefs.h.  */
| #include <stdio.h>
| #ifdef HAVE_SYS_TYPES_H
| # include <sys/types.h>
| #endif
| #ifdef HAVE_SYS_STAT_H
| # include <sys/stat.h>
| #endif
| #ifdef STDC_HEADERS
| # include <stdlib.h>
| # include <stddef.h>
| #else
| # ifdef HAVE_STDLIB_H
| #  include <stdlib.h>
| # endif
| #endif
| #ifdef HAVE_STRING_H
| # if !defined STDC_HEADERS && defined HAVE_MEMORY_H
| #  include <memory.h>
| # endif
| # include <string.h>
| #endif
| #ifdef HAVE_STRINGS_H
| # include <strings.h>
| #endif
| #ifdef HAVE_INTTYPES_H
| # include <inttypes.h>
| #endif
| #ifdef HAVE_STDINT_H
| # include <stdint.h>
| #endif
| #ifdef HAVE_UNISTD_H
| # include <unistd.h>
| #endif
| #include <sys/acl.h>
configure:15546: result: no
configure:15546: checking sys/acl.h presence
configure:15546: gcc -E  conftest.c
conftest.c:27:21: fatal error: sys/acl.h: No such file or directory
 #include <sys/acl.h>
                     ^
compilation terminated.
configure:15546: $? = 1
configure: failed program was:
| /* confdefs.h */
| #define PACKAGE_NAME "mtd-utils"
| #define PACKAGE_TARNAME "mtd-utils"
| #define PACKAGE_VERSION "2.1.2"
| #define PACKAGE_STRING "mtd-utils 2.1.2"
| #define PACKAGE_BUGREPORT "linux-mtd@lists.infradead.org"
| #define PACKAGE_URL ""
| #define PACKAGE "mtd-utils"
| #define VERSION "2.1.2"
| #define STDC_HEADERS 1
| #define HAVE_SYS_TYPES_H 1
| #define HAVE_SYS_STAT_H 1
| #define HAVE_STDLIB_H 1
| #define HAVE_STRING_H 1
| #define HAVE_MEMORY_H 1
| #define HAVE_STRINGS_H 1
| #define HAVE_INTTYPES_H 1
| #define HAVE_STDINT_H 1
| #define HAVE_UNISTD_H 1
| #define HAVE_DLFCN_H 1
| #define LT_OBJDIR ".libs/"
| #define HAVE_CLOCK_GETTIME 1
| #define HAVE_PTHREAD_PRIO_INHERIT 1
| #define HAVE_PTHREAD 1
| #define HAVE_SYS_XATTR_H 1
| /* end confdefs.h.  */
| #include <sys/acl.h>
configure:15546: result: no
configure:15546: checking for sys/acl.h
configure:15546: result: no
configure:15592: checking openssl/rand.h usability
configure:15592: gcc -c -g -O2  conftest.c >&5
conftest.c:60:26: fatal error: openssl/rand.h: No such file or directory
 #include <openssl/rand.h>
                          ^
compilation terminated.
configure:15592: $? = 1
configure: failed program was:
| /* confdefs.h */
| #define PACKAGE_NAME "mtd-utils"
| #define PACKAGE_TARNAME "mtd-utils"
| #define PACKAGE_VERSION "2.1.2"
| #define PACKAGE_STRING "mtd-utils 2.1.2"
| #define PACKAGE_BUGREPORT "linux-mtd@lists.infradead.org"
| #define PACKAGE_URL ""
| #define PACKAGE "mtd-utils"
| #define VERSION "2.1.2"
| #define STDC_HEADERS 1
| #define HAVE_SYS_TYPES_H 1
| #define HAVE_SYS_STAT_H 1
| #define HAVE_STDLIB_H 1
| #define HAVE_STRING_H 1
| #define HAVE_MEMORY_H 1
| #define HAVE_STRINGS_H 1
| #define HAVE_INTTYPES_H 1
| #define HAVE_STDINT_H 1
| #define HAVE_UNISTD_H 1
| #define HAVE_DLFCN_H 1
| #define LT_OBJDIR ".libs/"
| #define HAVE_CLOCK_GETTIME 1
| #define HAVE_PTHREAD_PRIO_INHERIT 1
| #define HAVE_PTHREAD 1
| #define HAVE_SYS_XATTR_H 1
| /* end confdefs.h.  */
| #include <stdio.h>
| #ifdef HAVE_SYS_TYPES_H
| # include <sys/types.h>
| #endif
| #ifdef HAVE_SYS_STAT_H
| # include <sys/stat.h>
| #endif
| #ifdef STDC_HEADERS
| # include <stdlib.h>
| # include <stddef.h>
| #else
| # ifdef HAVE_STDLIB_H
| #  include <stdlib.h>
| # endif
| #endif
| #ifdef HAVE_STRING_H
| # if !defined STDC_HEADERS && defined HAVE_MEMORY_H
| #  include <memory.h>
| # endif
| # include <string.h>
| #endif
| #ifdef HAVE_STRINGS_H
| # include <strings.h>
| #endif
| #ifdef HAVE_INTTYPES_H
| # include <inttypes.h>
| #endif
| #ifdef HAVE_STDINT_H
| # include <stdint.h>
| #endif
| #ifdef HAVE_UNISTD_H
| # include <unistd.h>
| #endif
| #include <openssl/rand.h>
configure:15592: result: no
configure:15592: checking openssl/rand.h presence
configure:15592: gcc -E  conftest.c
conftest.c:27:26: fatal error: openssl/rand.h: No such file or directory
 #include <openssl/rand.h>
                          ^
compilation terminated.
configure:15592: $? = 1
configure: failed program was:
| /* confdefs.h */
| #define PACKAGE_NAME "mtd-utils"
| #define PACKAGE_TARNAME "mtd-utils"
| #define PACKAGE_VERSION "2.1.2"
| #define PACKAGE_STRING "mtd-utils 2.1.2"
| #define PACKAGE_BUGREPORT "linux-mtd@lists.infradead.org"
| #define PACKAGE_URL ""
| #define PACKAGE "mtd-utils"
| #define VERSION "2.1.2"
| #define STDC_HEADERS 1
| #define HAVE_SYS_TYPES_H 1
| #define HAVE_SYS_STAT_H 1
| #define HAVE_STDLIB_H 1
| #define HAVE_STRING_H 1
| #define HAVE_MEMORY_H 1
| #define HAVE_STRINGS_H 1
| #define HAVE_INTTYPES_H 1
| #define HAVE_STDINT_H 1
| #define HAVE_UNISTD_H 1
| #define HAVE_DLFCN_H 1
| #define LT_OBJDIR ".libs/"
| #define HAVE_CLOCK_GETTIME 1
| #define HAVE_PTHREAD_PRIO_INHERIT 1
| #define HAVE_PTHREAD 1
| #define HAVE_SYS_XATTR_H 1
| /* end confdefs.h.  */
| #include <openssl/rand.h>
configure:15592: result: no
configure:15592: checking for openssl/rand.h
configure:15592: result: no
configure:15600: checking for OPENSSL
configure:15607: $PKG_CONFIG --exists --print-errors "openssl"
Package openssl was not found in the pkg-config search path.
Perhaps you should add the directory containing `openssl.pc'
to the PKG_CONFIG_PATH environment variable
No package 'openssl' found
configure:15610: $? = 1
configure:15624: $PKG_CONFIG --exists --print-errors "openssl"
Package openssl was not found in the pkg-config search path.
Perhaps you should add the directory containing `openssl.pc'
to the PKG_CONFIG_PATH environment variable
No package 'openssl' found
configure:15627: $? = 1
configure:15641: result: no
No package 'openssl' found
configure:15674: checking sys/random.h usability
configure:15674: gcc -c -g -O2  conftest.c >&5
conftest.c:60:24: fatal error: sys/random.h: No such file or directory
 #include <sys/random.h>
                        ^
compilation terminated.
configure:15674: $? = 1
configure: failed program was:
| /* confdefs.h */
| #define PACKAGE_NAME "mtd-utils"
| #define PACKAGE_TARNAME "mtd-utils"
| #define PACKAGE_VERSION "2.1.2"
| #define PACKAGE_STRING "mtd-utils 2.1.2"
| #define PACKAGE_BUGREPORT "linux-mtd@lists.infradead.org"
| #define PACKAGE_URL ""
| #define PACKAGE "mtd-utils"
| #define VERSION "2.1.2"
| #define STDC_HEADERS 1
| #define HAVE_SYS_TYPES_H 1
| #define HAVE_SYS_STAT_H 1
| #define HAVE_STDLIB_H 1
| #define HAVE_STRING_H 1
| #define HAVE_MEMORY_H 1
| #define HAVE_STRINGS_H 1
| #define HAVE_INTTYPES_H 1
| #define HAVE_STDINT_H 1
| #define HAVE_UNISTD_H 1
| #define HAVE_DLFCN_H 1
| #define LT_OBJDIR ".libs/"
| #define HAVE_CLOCK_GETTIME 1
| #define HAVE_PTHREAD_PRIO_INHERIT 1
| #define HAVE_PTHREAD 1
| #define HAVE_SYS_XATTR_H 1
| /* end confdefs.h.  */
| #include <stdio.h>
| #ifdef HAVE_SYS_TYPES_H
| # include <sys/types.h>
| #endif
| #ifdef HAVE_SYS_STAT_H
| # include <sys/stat.h>
| #endif
| #ifdef STDC_HEADERS
| # include <stdlib.h>
| # include <stddef.h>
| #else
| # ifdef HAVE_STDLIB_H
| #  include <stdlib.h>
| # endif
| #endif
| #ifdef HAVE_STRING_H
| # if !defined STDC_HEADERS && defined HAVE_MEMORY_H
| #  include <memory.h>
| # endif
| # include <string.h>
| #endif
| #ifdef HAVE_STRINGS_H
| # include <strings.h>
| #endif
| #ifdef HAVE_INTTYPES_H
| # include <inttypes.h>
| #endif
| #ifdef HAVE_STDINT_H
| # include <stdint.h>
| #endif
| #ifdef HAVE_UNISTD_H
| # include <unistd.h>
| #endif
| #include <sys/random.h>
configure:15674: result: no
configure:15674: checking sys/random.h presence
configure:15674: gcc -E  conftest.c
conftest.c:27:24: fatal error: sys/random.h: No such file or directory
 #include <sys/random.h>
                        ^
compilation terminated.
configure:15674: $? = 1
configure: failed program was:
| /* confdefs.h */
| #define PACKAGE_NAME "mtd-utils"
| #define PACKAGE_TARNAME "mtd-utils"
| #define PACKAGE_VERSION "2.1.2"
| #define PACKAGE_STRING "mtd-utils 2.1.2"
| #define PACKAGE_BUGREPORT "linux-mtd@lists.infradead.org"
| #define PACKAGE_URL ""
| #define PACKAGE "mtd-utils"
| #define VERSION "2.1.2"
| #define STDC_HEADERS 1
| #define HAVE_SYS_TYPES_H 1
| #define HAVE_SYS_STAT_H 1
| #define HAVE_STDLIB_H 1
| #define HAVE_STRING_H 1
| #define HAVE_MEMORY_H 1
| #define HAVE_STRINGS_H 1
| #define HAVE_INTTYPES_H 1
| #define HAVE_STDINT_H 1
| #define HAVE_UNISTD_H 1
| #define HAVE_DLFCN_H 1
| #define LT_OBJDIR ".libs/"
| #define HAVE_CLOCK_GETTIME 1
| #define HAVE_PTHREAD_PRIO_INHERIT 1
| #define HAVE_PTHREAD 1
| #define HAVE_SYS_XATTR_H 1
| /* end confdefs.h.  */
| #include <sys/random.h>
configure:15674: result: no
configure:15674: checking for sys/random.h
configure:15674: result: no
configure:15764: checking execinfo.h usability
configure:15764: gcc -c -g -O2  conftest.c >&5
configure:15764: $? = 0
configure:15764: result: yes
configure:15764: checking execinfo.h presence
configure:15764: gcc -E  conftest.c
configure:15764: $? = 0
configure:15764: result: yes
configure:15764: checking for execinfo.h
configure:15764: result: yes
configure:15814: WARNING: cannot find LZO library required for mkfs programs
configure:15816: mtd-utils can optionally be built without mkfs.ubifs
configure:15818: mtd-utils can optionally be built without mkfs.jffs2
configure:15820: mtd-utils can optionally be built without LZO support
configure:15826: WARNING: cannot find ZSTD library required for mkfs program
configure:15828: mtd-utils can optionally be built without mkfs.ubifs
configure:15830: mtd-utils can optionally be built without ZSTD support
configure:15836: WARNING: cannot find headers for extended attributes
configure:15838: WARNING: disabling XATTR support
configure:15852: WARNING: cannot find headers for OpenSSL library
configure:15854: WARNING: disabling OpenSSL support
configure:15860: WARNING: cannot find headers for getrandom() function
configure:15862: WARNING: disabling UBIFS ubihealthd support
configure:15876: error: missing one or more dependencies

## ---------------- ##
## Cache variables. ##
## ---------------- ##

ac_cv_build=armv7l-unknown-linux-gnueabihf
ac_cv_c_compiler_gnu=yes
ac_cv_env_CC_set=
ac_cv_env_CC_value=
ac_cv_env_CFLAGS_set=
ac_cv_env_CFLAGS_value=
ac_cv_env_CMOCKA_CFLAGS_set=
ac_cv_env_CMOCKA_CFLAGS_value=
ac_cv_env_CMOCKA_LIBS_set=
ac_cv_env_CMOCKA_LIBS_value=
ac_cv_env_CPPFLAGS_set=
ac_cv_env_CPPFLAGS_value=
ac_cv_env_CPP_set=
ac_cv_env_CPP_value=
ac_cv_env_LDFLAGS_set=
ac_cv_env_LDFLAGS_value=
ac_cv_env_LIBSELINUX_CFLAGS_set=
ac_cv_env_LIBSELINUX_CFLAGS_value=
ac_cv_env_LIBSELINUX_LIBS_set=
ac_cv_env_LIBSELINUX_LIBS_value=
ac_cv_env_LIBS_set=
ac_cv_env_LIBS_value=
ac_cv_env_LT_SYS_LIBRARY_PATH_set=
ac_cv_env_LT_SYS_LIBRARY_PATH_value=
ac_cv_env_LZO_CFLAGS_set=
ac_cv_env_LZO_CFLAGS_value=
ac_cv_env_LZO_LIBS_set=
ac_cv_env_LZO_LIBS_value=
ac_cv_env_OPENSSL_CFLAGS_set=
ac_cv_env_OPENSSL_CFLAGS_value=
ac_cv_env_OPENSSL_LIBS_set=
ac_cv_env_OPENSSL_LIBS_value=
ac_cv_env_PKG_CONFIG_LIBDIR_set=
ac_cv_env_PKG_CONFIG_LIBDIR_value=
ac_cv_env_PKG_CONFIG_PATH_set=
ac_cv_env_PKG_CONFIG_PATH_value=
ac_cv_env_PKG_CONFIG_set=
ac_cv_env_PKG_CONFIG_value=
ac_cv_env_UUID_CFLAGS_set=
ac_cv_env_UUID_CFLAGS_value=
ac_cv_env_UUID_LIBS_set=
ac_cv_env_UUID_LIBS_value=
ac_cv_env_ZLIB_CFLAGS_set=
ac_cv_env_ZLIB_CFLAGS_value=
ac_cv_env_ZLIB_LIBS_set=
ac_cv_env_ZLIB_LIBS_value=
ac_cv_env_ZSTD_CFLAGS_set=
ac_cv_env_ZSTD_CFLAGS_value=
ac_cv_env_ZSTD_LIBS_set=
ac_cv_env_ZSTD_LIBS_value=
ac_cv_env_build_alias_set=
ac_cv_env_build_alias_value=
ac_cv_env_host_alias_set=
ac_cv_env_host_alias_value=
ac_cv_env_target_alias_set=
ac_cv_env_target_alias_value=
ac_cv_func_clock_gettime=yes
ac_cv_header_dlfcn_h=yes
ac_cv_header_execinfo_h=yes
ac_cv_header_inttypes_h=yes
ac_cv_header_memory_h=yes
ac_cv_header_openssl_rand_h=no
ac_cv_header_stdc=yes
ac_cv_header_stdint_h=yes
ac_cv_header_stdlib_h=yes
ac_cv_header_string_h=yes
ac_cv_header_strings_h=yes
ac_cv_header_sys_acl_h=no
ac_cv_header_sys_random_h=no
ac_cv_header_sys_stat_h=yes
ac_cv_header_sys_types_h=yes
ac_cv_header_sys_xattr_h=yes
ac_cv_header_unistd_h=yes
ac_cv_host=armv7l-unknown-linux-gnueabihf
ac_cv_lib_lzo2_lzo1x_1_15_compress=no
ac_cv_lib_lzo_lzo1x_1_15_compress=no
ac_cv_objext=o
ac_cv_path_EGREP='/usr/bin/grep -E'
ac_cv_path_FGREP='/usr/bin/grep -F'
ac_cv_path_GREP=/usr/bin/grep
ac_cv_path_SED=/usr/bin/sed
ac_cv_path_ac_pt_PKG_CONFIG=/usr/bin/pkg-config
ac_cv_path_install='/usr/bin/install -c'
ac_cv_path_lt_DD=/usr/bin/dd
ac_cv_path_mkdir=/usr/bin/mkdir
ac_cv_prog_AWK=gawk
ac_cv_prog_CPP='gcc -E'
ac_cv_prog_ac_ct_AR=ar
ac_cv_prog_ac_ct_CC=gcc
ac_cv_prog_ac_ct_OBJDUMP=objdump
ac_cv_prog_ac_ct_RANLIB=ranlib
ac_cv_prog_ac_ct_STRIP=strip
ac_cv_prog_cc_c89=
ac_cv_prog_cc_g=yes
ac_cv_prog_make_make_set=yes
ac_cv_search_clock_gettime='none required'
am_cv_CC_dependencies_compiler_type=gcc3
am_cv_make_support_nested_variables=yes
am_cv_prog_cc_c_o=yes
ax_cv_PTHREAD_CLANG=no
ax_cv_PTHREAD_JOINABLE_ATTR=PTHREAD_CREATE_JOINABLE
ax_cv_PTHREAD_PRIO_INHERIT=yes
ax_cv_PTHREAD_SPECIAL_FLAGS=no
lt_cv_ar_at_file=@
lt_cv_archive_cmds_need_lc=no
lt_cv_deplibs_check_method=pass_all
lt_cv_file_magic_cmd='$MAGIC_CMD'
lt_cv_file_magic_test_file=
lt_cv_ld_reload_flag=-r
lt_cv_nm_interface='BSD nm'
lt_cv_objdir=.libs
lt_cv_path_LD=/usr/bin/ld
lt_cv_path_NM='/usr/bin/nm -B'
lt_cv_path_mainfest_tool=no
lt_cv_prog_compiler_c_o=yes
lt_cv_prog_compiler_pic='-fPIC -DPIC'
lt_cv_prog_compiler_pic_works=yes
lt_cv_prog_compiler_rtti_exceptions=no
lt_cv_prog_compiler_static_works=no
lt_cv_prog_gnu_ld=yes
lt_cv_sharedlib_from_linklib_cmd='printf %s\n'
lt_cv_shlibpath_overrides_runpath=no
lt_cv_sys_global_symbol_pipe='sed -n -e '\''s/^.*[	 ]\([ABCDGIRSTW][ABCDGIRSTW]*\)[	 ][	 ]*\([_A-Za-z][_A-Za-z0-9]*\)$/\1 \2 \2/p'\'' | sed '\''/ __gnu_lto/d'\'''
lt_cv_sys_global_symbol_to_c_name_address='sed -n -e '\''s/^: \(.*\) .*$/  {"\1", (void *) 0},/p'\'' -e '\''s/^[ABCDGIRSTW][ABCDGIRSTW]* .* \(.*\)$/  {"\1", (void *) \&\1},/p'\'''
lt_cv_sys_global_symbol_to_c_name_address_lib_prefix='sed -n -e '\''s/^: \(.*\) .*$/  {"\1", (void *) 0},/p'\'' -e '\''s/^[ABCDGIRSTW][ABCDGIRSTW]* .* \(lib.*\)$/  {"\1", (void *) \&\1},/p'\'' -e '\''s/^[ABCDGIRSTW][ABCDGIRSTW]* .* \(.*\)$/  {"lib\1", (void *) \&\1},/p'\'''
lt_cv_sys_global_symbol_to_cdecl='sed -n -e '\''s/^T .* \(.*\)$/extern int \1();/p'\'' -e '\''s/^[ABCDGIRSTW][ABCDGIRSTW]* .* \(.*\)$/extern char \1;/p'\'''
lt_cv_sys_global_symbol_to_import=
lt_cv_sys_max_cmd_len=1572864
lt_cv_to_host_file_cmd=func_convert_file_noop
lt_cv_to_tool_file_cmd=func_convert_file_noop
lt_cv_truncate_bin='/usr/bin/dd bs=4096 count=1'
pkg_cv_UUID_CFLAGS='-I/usr/include/uuid  '
pkg_cv_UUID_LIBS='-luuid  '
pkg_cv_ZLIB_CFLAGS=' '
pkg_cv_ZLIB_LIBS='-lz  '
ul_cv_warn__Wall=yes
ul_cv_warn__Wduplicated_branches=no
ul_cv_warn__Wduplicated_cond=no
ul_cv_warn__Wextra=yes
ul_cv_warn__Winit_self=yes
ul_cv_warn__Wjump_misses_init=yes
ul_cv_warn__Wlogical_op=yes
ul_cv_warn__Wmissing_declarations=yes
ul_cv_warn__Wmissing_prototypes=yes
ul_cv_warn__Wno_shadow=yes
ul_cv_warn__Wno_sign_compare=yes
ul_cv_warn__Wnull_dereference=no
ul_cv_warn__Wrestrict=no
ul_cv_warn__Wuninitialized=yes
ul_cv_warn__Wunused=yes
ul_cv_warn__Wunused_but_set_parameter=yes
ul_cv_warn__Wunused_but_set_variable=yes
ul_cv_warn__Wunused_parameter=yes
ul_cv_warn__Wunused_result=yes
ul_cv_warn__Wunused_variable=yes
ul_cv_warn__Wwrite_strings=yes

## ----------------- ##
## Output variables. ##
## ----------------- ##

ACLOCAL='${SHELL} /root/mtd-utils-2.1.2/missing aclocal-1.16'
AMDEPBACKSLASH='\'
AMDEP_FALSE='#'
AMDEP_TRUE=''
AMTAR='$${TAR-tar}'
AM_BACKSLASH='\'
AM_DEFAULT_V='$(AM_DEFAULT_VERBOSITY)'
AM_DEFAULT_VERBOSITY='0'
AM_V='$(V)'
AR='ar'
AUTOCONF='${SHELL} /root/mtd-utils-2.1.2/missing autoconf'
AUTOHEADER='${SHELL} /root/mtd-utils-2.1.2/missing autoheader'
AUTOMAKE='${SHELL} /root/mtd-utils-2.1.2/missing automake-1.16'
AWK='gawk'
BUILD_JFFSX_FALSE='#'
BUILD_JFFSX_TRUE=''
BUILD_LSMTD_FALSE='#'
BUILD_LSMTD_TRUE=''
BUILD_TESTS_FALSE='#'
BUILD_TESTS_TRUE=''
BUILD_UBIFS_FALSE='#'
BUILD_UBIFS_TRUE=''
CC='gcc'
CCDEPMODE='depmode=gcc3'
CFLAGS='-g -O2'
CMOCKA_CFLAGS=''
CMOCKA_LIBS=''
CPP='gcc -E'
CPPFLAGS=''
CYGPATH_W='echo'
DEFS=''
DEPDIR='.deps'
DLLTOOL='false'
DSYMUTIL=''
DUMPBIN=''
ECHO_C=''
ECHO_N='-n'
ECHO_T=''
EGREP='/usr/bin/grep -E'
EXEEXT=''
FGREP='/usr/bin/grep -F'
GREP='/usr/bin/grep'
INSTALL_DATA='${INSTALL} -m 644'
INSTALL_PROGRAM='${INSTALL}'
INSTALL_SCRIPT='${INSTALL}'
INSTALL_STRIP_PROGRAM='$(install_sh) -c -s'
INSTALL_TESTS_FALSE=''
INSTALL_TESTS_TRUE='#'
LD='/usr/bin/ld'
LDFLAGS=''
LIBOBJS=''
LIBS=''
LIBSELINUX_CFLAGS=''
LIBSELINUX_LIBS=''
LIBTOOL='$(SHELL) $(top_builddir)/libtool'
LIPO=''
LN_S='ln -s'
LTLIBOBJS=''
LT_SYS_LIBRARY_PATH=''
LZO_CFLAGS=''
LZO_LIBS=''
MAKEINFO='${SHELL} /root/mtd-utils-2.1.2/missing makeinfo'
MANIFEST_TOOL=':'
MKDIR_P='/usr/bin/mkdir -p'
NM='/usr/bin/nm -B'
NMEDIT=''
OBJDUMP='objdump'
OBJEXT='o'
OPENSSL_CFLAGS=''
OPENSSL_LIBS=''
OTOOL64=''
OTOOL=''
PACKAGE='mtd-utils'
PACKAGE_BUGREPORT='linux-mtd@lists.infradead.org'
PACKAGE_NAME='mtd-utils'
PACKAGE_STRING='mtd-utils 2.1.2'
PACKAGE_TARNAME='mtd-utils'
PACKAGE_URL=''
PACKAGE_VERSION='2.1.2'
PATH_SEPARATOR=':'
PKG_CONFIG='/usr/bin/pkg-config'
PKG_CONFIG_LIBDIR=''
PKG_CONFIG_PATH=''
PTHREAD_CC='gcc'
PTHREAD_CFLAGS='-pthread'
PTHREAD_LIBS=''
RANLIB='ranlib'
SED='/usr/bin/sed'
SET_MAKE=''
SHELL='/bin/sh'
STRIP='strip'
UNIT_TESTS_FALSE=''
UNIT_TESTS_TRUE='#'
UUID_CFLAGS='-I/usr/include/uuid  '
UUID_LIBS='-luuid  '
VERSION='2.1.2'
WARN_CFLAGS=' -Wall -Wextra -Wunused -Wmissing-prototypes -Wmissing-declarations -Wwrite-strings -Wjump-misses-init -Wuninitialized -Winit-self -Wlogical-op -Wunused-but-set-parameter -Wunused-but-set-variable -Wunused-parameter -Wunused-result -Wunused-variable -Wno-shadow -Wno-sign-compare'
WITHOUT_LZO_FALSE=''
WITHOUT_LZO_TRUE=''
WITHOUT_XATTR_FALSE=''
WITHOUT_XATTR_TRUE=''
WITHOUT_ZSTD_FALSE=''
WITHOUT_ZSTD_TRUE=''
WITH_CRYPTO_FALSE=''
WITH_CRYPTO_TRUE=''
WITH_GETRANDOM_FALSE=''
WITH_GETRANDOM_TRUE=''
WITH_SELINUX_FALSE=''
WITH_SELINUX_TRUE=''
ZLIB_CFLAGS=' '
ZLIB_LIBS='-lz  '
ZSTD_CFLAGS=''
ZSTD_LIBS=''
ac_ct_AR='ar'
ac_ct_CC='gcc'
ac_ct_DUMPBIN=''
am__EXEEXT_FALSE=''
am__EXEEXT_TRUE=''
am__fastdepCC_FALSE='#'
am__fastdepCC_TRUE=''
am__include='include'
am__isrc=''
am__leading_dot='.'
am__nodep='_no'
am__quote=''
am__tar='$${TAR-tar} chof - "$$tardir"'
am__untar='$${TAR-tar} xf -'
ax_pthread_config=''
bindir='${exec_prefix}/bin'
build='armv7l-unknown-linux-gnueabihf'
build_alias=''
build_cpu='armv7l'
build_os='linux-gnueabihf'
build_vendor='unknown'
datadir='${datarootdir}'
datarootdir='${prefix}/share'
docdir='${datarootdir}/doc/${PACKAGE_TARNAME}'
dvidir='${docdir}'
exec_prefix='NONE'
host='armv7l-unknown-linux-gnueabihf'
host_alias=''
host_cpu='armv7l'
host_os='linux-gnueabihf'
host_vendor='unknown'
htmldir='${docdir}'
includedir='${prefix}/include'
infodir='${datarootdir}/info'
install_sh='${SHELL} /root/mtd-utils-2.1.2/install-sh'
libdir='${exec_prefix}/lib'
libexecdir='${exec_prefix}/libexec'
localedir='${datarootdir}/locale'
localstatedir='${prefix}/var'
mandir='${datarootdir}/man'
mkdir_p='$(MKDIR_P)'
oldincludedir='/usr/include'
pdfdir='${docdir}'
prefix='NONE'
program_transform_name='s,x,x,'
psdir='${docdir}'
sbindir='${exec_prefix}/sbin'
sharedstatedir='${prefix}/com'
sysconfdir='${prefix}/etc'
target_alias=''
testbindir='"."'

## ----------- ##
## confdefs.h. ##
## ----------- ##

/* confdefs.h */
#define PACKAGE_NAME "mtd-utils"
#define PACKAGE_TARNAME "mtd-utils"
#define PACKAGE_VERSION "2.1.2"
#define PACKAGE_STRING "mtd-utils 2.1.2"
#define PACKAGE_BUGREPORT "linux-mtd@lists.infradead.org"
#define PACKAGE_URL ""
#define PACKAGE "mtd-utils"
#define VERSION "2.1.2"
#define STDC_HEADERS 1
#define HAVE_SYS_TYPES_H 1
#define HAVE_SYS_STAT_H 1
#define HAVE_STDLIB_H 1
#define HAVE_STRING_H 1
#define HAVE_MEMORY_H 1
#define HAVE_STRINGS_H 1
#define HAVE_INTTYPES_H 1
#define HAVE_STDINT_H 1
#define HAVE_UNISTD_H 1
#define HAVE_DLFCN_H 1
#define LT_OBJDIR ".libs/"
#define HAVE_CLOCK_GETTIME 1
#define HAVE_PTHREAD_PRIO_INHERIT 1
#define HAVE_PTHREAD 1
#define HAVE_SYS_XATTR_H 1
#define HAVE_EXECINFO_H 1

configure: exit 1
