The system is: Linux - 5.4.0-xilinx-v2020.1 - armv7l
Compiling the C compiler identification source file "CMakeCCompilerId.c" succeeded.
Compiler: /usr/bin/cc 
Build flags: 
Id flags: 

The output was:
0


Compilation of the C compiler identification source "CMakeCCompilerId.c" produced "a.out"

The C compiler identification is GNU, found in "/root/clock/clock_sync/CMakeFiles/2.8.12.2/CompilerIdC/a.out"

Compiling the CXX compiler identification source file "CMakeCXXCompilerId.cpp" succeeded.
Compiler: /usr/bin/c++ 
Build flags: 
Id flags: 

The output was:
0


Compilation of the CXX compiler identification source "CMakeCXXCompilerId.cpp" produced "a.out"

The CXX compiler identification is GNU, found in "/root/clock/clock_sync/CMakeFiles/2.8.12.2/CompilerIdCXX/a.out"

Determining if the C compiler works passed with the following output:
Change Dir: /root/clock/clock_sync/CMakeFiles/CMakeTmp

Run Build Command:/usr/bin/gmake "cmTryCompileExec2063855466/fast"
/usr/bin/gmake -f CMakeFiles/cmTryCompileExec2063855466.dir/build.make CMakeFiles/cmTryCompileExec2063855466.dir/build
gmake[1]: Entering directory `/root/clock/clock_sync/CMakeFiles/CMakeTmp'
/usr/bin/cmake -E cmake_progress_report /root/clock/clock_sync/CMakeFiles/CMakeTmp/CMakeFiles 1
Building C object CMakeFiles/cmTryCompileExec2063855466.dir/testCCompiler.c.o
/usr/bin/cc    -o CMakeFiles/cmTryCompileExec2063855466.dir/testCCompiler.c.o   -c /root/clock/clock_sync/CMakeFiles/CMakeTmp/testCCompiler.c
Linking C executable cmTryCompileExec2063855466
/usr/bin/cmake -E cmake_link_script CMakeFiles/cmTryCompileExec2063855466.dir/link.txt --verbose=1
/usr/bin/cc       CMakeFiles/cmTryCompileExec2063855466.dir/testCCompiler.c.o  -o cmTryCompileExec2063855466 -rdynamic 
gmake[1]: Leaving directory `/root/clock/clock_sync/CMakeFiles/CMakeTmp'


Detecting C compiler ABI info compiled with the following output:
Change Dir: /root/clock/clock_sync/CMakeFiles/CMakeTmp

Run Build Command:/usr/bin/gmake "cmTryCompileExec1596362841/fast"
/usr/bin/gmake -f CMakeFiles/cmTryCompileExec1596362841.dir/build.make CMakeFiles/cmTryCompileExec1596362841.dir/build
gmake[1]: Entering directory `/root/clock/clock_sync/CMakeFiles/CMakeTmp'
gmake[1]: Warning: File `/usr/share/cmake/Modules/CMakeCCompilerABI.c' has modification time 1610471560 s in the future
/usr/bin/cmake -E cmake_progress_report /root/clock/clock_sync/CMakeFiles/CMakeTmp/CMakeFiles 1
Building C object CMakeFiles/cmTryCompileExec1596362841.dir/CMakeCCompilerABI.c.o
/usr/bin/cc    -o CMakeFiles/cmTryCompileExec1596362841.dir/CMakeCCompilerABI.c.o   -c /usr/share/cmake/Modules/CMakeCCompilerABI.c
Linking C executable cmTryCompileExec1596362841
/usr/bin/cmake -E cmake_link_script CMakeFiles/cmTryCompileExec1596362841.dir/link.txt --verbose=1
/usr/bin/cc     -v CMakeFiles/cmTryCompileExec1596362841.dir/CMakeCCompilerABI.c.o  -o cmTryCompileExec1596362841 -rdynamic  
Using built-in specs.
COLLECT_GCC=/usr/bin/cc
COLLECT_LTO_WRAPPER=/usr/libexec/gcc/armv7hl-redhat-linux-gnueabi/4.8.5/lto-wrapper
Target: armv7hl-redhat-linux-gnueabi
Configured with: ../configure --prefix=/usr --mandir=/usr/share/man --infodir=/usr/share/info --with-bugurl=http://bugzilla.redhat.com/bugzilla --enable-bootstrap --enable-shared --enable-threads=posix --enable-checking=release --with-system-zlib --enable-__cxa_atexit --disable-libunwind-exceptions --enable-gnu-unique-object --enable-linker-build-id --with-linker-hash-style=gnu --enable-languages=c,c++,objc,obj-c++,java,fortran,ada,go,lto --enable-plugin --enable-initfini-array --disable-libgcj --with-isl=/builddir/build/BUILD/gcc-4.8.5-20150702/obj-armv7hl-redhat-linux-gnueabi/isl-install --with-cloog=/builddir/build/BUILD/gcc-4.8.5-20150702/obj-armv7hl-redhat-linux-gnueabi/cloog-install --enable-gnu-indirect-function --disable-sjlj-exceptions --with-cpu=cortex-a8 --with-tune=cortex-a8 --with-arch=armv7-a --with-float=hard --with-fpu=vfpv3-d16 --with-abi=aapcs-linux --build=armv7hl-redhat-linux-gnueabi
Thread model: posix
gcc version 4.8.5 20150623 (Red Hat 4.8.5-39) (GCC) 
COMPILER_PATH=/usr/libexec/gcc/armv7hl-redhat-linux-gnueabi/4.8.5/:/usr/libexec/gcc/armv7hl-redhat-linux-gnueabi/4.8.5/:/usr/libexec/gcc/armv7hl-redhat-linux-gnueabi/:/usr/lib/gcc/armv7hl-redhat-linux-gnueabi/4.8.5/:/usr/lib/gcc/armv7hl-redhat-linux-gnueabi/
LIBRARY_PATH=/usr/lib/gcc/armv7hl-redhat-linux-gnueabi/4.8.5/:/usr/lib/gcc/armv7hl-redhat-linux-gnueabi/4.8.5/../../../:/lib/:/usr/lib/
COLLECT_GCC_OPTIONS='-v' '-o' 'cmTryCompileExec1596362841' '-rdynamic' '-march=armv7-a' '-mtune=cortex-a8' '-mfloat-abi=hard' '-mfpu=vfpv3-d16' '-mabi=aapcs-linux' '-mtls-dialect=gnu'
 /usr/libexec/gcc/armv7hl-redhat-linux-gnueabi/4.8.5/collect2 --build-id --no-add-needed --eh-frame-hdr --hash-style=gnu -export-dynamic -dynamic-linker /lib/ld-linux-armhf.so.3 -X -m armelf_linux_eabi -o cmTryCompileExec1596362841 /usr/lib/gcc/armv7hl-redhat-linux-gnueabi/4.8.5/../../../crt1.o /usr/lib/gcc/armv7hl-redhat-linux-gnueabi/4.8.5/../../../crti.o /usr/lib/gcc/armv7hl-redhat-linux-gnueabi/4.8.5/crtbegin.o -L/usr/lib/gcc/armv7hl-redhat-linux-gnueabi/4.8.5 -L/usr/lib/gcc/armv7hl-redhat-linux-gnueabi/4.8.5/../../.. CMakeFiles/cmTryCompileExec1596362841.dir/CMakeCCompilerABI.c.o -lgcc --as-needed -lgcc_s --no-as-needed -lc -lgcc --as-needed -lgcc_s --no-as-needed /usr/lib/gcc/armv7hl-redhat-linux-gnueabi/4.8.5/crtend.o /usr/lib/gcc/armv7hl-redhat-linux-gnueabi/4.8.5/../../../crtn.o
gmake[1]: warning:  Clock skew detected.  Your build may be incomplete.
gmake[1]: Leaving directory `/root/clock/clock_sync/CMakeFiles/CMakeTmp'


Parsed C implicit link information from above output:
  link line regex: [^( *|.*[/\])(ld|([^/\]+-)?ld|collect2)[^/\]*( |$)]
  ignore line: [Change Dir: /root/clock/clock_sync/CMakeFiles/CMakeTmp]
  ignore line: []
  ignore line: [Run Build Command:/usr/bin/gmake "cmTryCompileExec1596362841/fast"]
  ignore line: [/usr/bin/gmake -f CMakeFiles/cmTryCompileExec1596362841.dir/build.make CMakeFiles/cmTryCompileExec1596362841.dir/build]
  ignore line: [gmake[1]: Entering directory `/root/clock/clock_sync/CMakeFiles/CMakeTmp']
  ignore line: [gmake[1]: Warning: File `/usr/share/cmake/Modules/CMakeCCompilerABI.c' has modification time 1610471560 s in the future]
  ignore line: [/usr/bin/cmake -E cmake_progress_report /root/clock/clock_sync/CMakeFiles/CMakeTmp/CMakeFiles 1]
  ignore line: [Building C object CMakeFiles/cmTryCompileExec1596362841.dir/CMakeCCompilerABI.c.o]
  ignore line: [/usr/bin/cc    -o CMakeFiles/cmTryCompileExec1596362841.dir/CMakeCCompilerABI.c.o   -c /usr/share/cmake/Modules/CMakeCCompilerABI.c]
  ignore line: [Linking C executable cmTryCompileExec1596362841]
  ignore line: [/usr/bin/cmake -E cmake_link_script CMakeFiles/cmTryCompileExec1596362841.dir/link.txt --verbose=1]
  ignore line: [/usr/bin/cc     -v CMakeFiles/cmTryCompileExec1596362841.dir/CMakeCCompilerABI.c.o  -o cmTryCompileExec1596362841 -rdynamic  ]
  ignore line: [Using built-in specs.]
  ignore line: [COLLECT_GCC=/usr/bin/cc]
  ignore line: [COLLECT_LTO_WRAPPER=/usr/libexec/gcc/armv7hl-redhat-linux-gnueabi/4.8.5/lto-wrapper]
  ignore line: [Target: armv7hl-redhat-linux-gnueabi]
  ignore line: [Configured with: ../configure --prefix=/usr --mandir=/usr/share/man --infodir=/usr/share/info --with-bugurl=http://bugzilla.redhat.com/bugzilla --enable-bootstrap --enable-shared --enable-threads=posix --enable-checking=release --with-system-zlib --enable-__cxa_atexit --disable-libunwind-exceptions --enable-gnu-unique-object --enable-linker-build-id --with-linker-hash-style=gnu --enable-languages=c,c++,objc,obj-c++,java,fortran,ada,go,lto --enable-plugin --enable-initfini-array --disable-libgcj --with-isl=/builddir/build/BUILD/gcc-4.8.5-20150702/obj-armv7hl-redhat-linux-gnueabi/isl-install --with-cloog=/builddir/build/BUILD/gcc-4.8.5-20150702/obj-armv7hl-redhat-linux-gnueabi/cloog-install --enable-gnu-indirect-function --disable-sjlj-exceptions --with-cpu=cortex-a8 --with-tune=cortex-a8 --with-arch=armv7-a --with-float=hard --with-fpu=vfpv3-d16 --with-abi=aapcs-linux --build=armv7hl-redhat-linux-gnueabi]
  ignore line: [Thread model: posix]
  ignore line: [gcc version 4.8.5 20150623 (Red Hat 4.8.5-39) (GCC) ]
  ignore line: [COMPILER_PATH=/usr/libexec/gcc/armv7hl-redhat-linux-gnueabi/4.8.5/:/usr/libexec/gcc/armv7hl-redhat-linux-gnueabi/4.8.5/:/usr/libexec/gcc/armv7hl-redhat-linux-gnueabi/:/usr/lib/gcc/armv7hl-redhat-linux-gnueabi/4.8.5/:/usr/lib/gcc/armv7hl-redhat-linux-gnueabi/]
  ignore line: [LIBRARY_PATH=/usr/lib/gcc/armv7hl-redhat-linux-gnueabi/4.8.5/:/usr/lib/gcc/armv7hl-redhat-linux-gnueabi/4.8.5/../../../:/lib/:/usr/lib/]
  ignore line: [COLLECT_GCC_OPTIONS='-v' '-o' 'cmTryCompileExec1596362841' '-rdynamic' '-march=armv7-a' '-mtune=cortex-a8' '-mfloat-abi=hard' '-mfpu=vfpv3-d16' '-mabi=aapcs-linux' '-mtls-dialect=gnu']
  link line: [ /usr/libexec/gcc/armv7hl-redhat-linux-gnueabi/4.8.5/collect2 --build-id --no-add-needed --eh-frame-hdr --hash-style=gnu -export-dynamic -dynamic-linker /lib/ld-linux-armhf.so.3 -X -m armelf_linux_eabi -o cmTryCompileExec1596362841 /usr/lib/gcc/armv7hl-redhat-linux-gnueabi/4.8.5/../../../crt1.o /usr/lib/gcc/armv7hl-redhat-linux-gnueabi/4.8.5/../../../crti.o /usr/lib/gcc/armv7hl-redhat-linux-gnueabi/4.8.5/crtbegin.o -L/usr/lib/gcc/armv7hl-redhat-linux-gnueabi/4.8.5 -L/usr/lib/gcc/armv7hl-redhat-linux-gnueabi/4.8.5/../../.. CMakeFiles/cmTryCompileExec1596362841.dir/CMakeCCompilerABI.c.o -lgcc --as-needed -lgcc_s --no-as-needed -lc -lgcc --as-needed -lgcc_s --no-as-needed /usr/lib/gcc/armv7hl-redhat-linux-gnueabi/4.8.5/crtend.o /usr/lib/gcc/armv7hl-redhat-linux-gnueabi/4.8.5/../../../crtn.o]
    arg [/usr/libexec/gcc/armv7hl-redhat-linux-gnueabi/4.8.5/collect2] ==> ignore
    arg [--build-id] ==> ignore
    arg [--no-add-needed] ==> ignore
    arg [--eh-frame-hdr] ==> ignore
    arg [--hash-style=gnu] ==> ignore
    arg [-export-dynamic] ==> ignore
    arg [-dynamic-linker] ==> ignore
    arg [/lib/ld-linux-armhf.so.3] ==> ignore
    arg [-X] ==> ignore
    arg [-m] ==> ignore
    arg [armelf_linux_eabi] ==> ignore
    arg [-o] ==> ignore
    arg [cmTryCompileExec1596362841] ==> ignore
    arg [/usr/lib/gcc/armv7hl-redhat-linux-gnueabi/4.8.5/../../../crt1.o] ==> ignore
    arg [/usr/lib/gcc/armv7hl-redhat-linux-gnueabi/4.8.5/../../../crti.o] ==> ignore
    arg [/usr/lib/gcc/armv7hl-redhat-linux-gnueabi/4.8.5/crtbegin.o] ==> ignore
    arg [-L/usr/lib/gcc/armv7hl-redhat-linux-gnueabi/4.8.5] ==> dir [/usr/lib/gcc/armv7hl-redhat-linux-gnueabi/4.8.5]
    arg [-L/usr/lib/gcc/armv7hl-redhat-linux-gnueabi/4.8.5/../../..] ==> dir [/usr/lib/gcc/armv7hl-redhat-linux-gnueabi/4.8.5/../../..]
    arg [CMakeFiles/cmTryCompileExec1596362841.dir/CMakeCCompilerABI.c.o] ==> ignore
    arg [-lgcc] ==> lib [gcc]
    arg [--as-needed] ==> ignore
    arg [-lgcc_s] ==> lib [gcc_s]
    arg [--no-as-needed] ==> ignore
    arg [-lc] ==> lib [c]
    arg [-lgcc] ==> lib [gcc]
    arg [--as-needed] ==> ignore
    arg [-lgcc_s] ==> lib [gcc_s]
    arg [--no-as-needed] ==> ignore
    arg [/usr/lib/gcc/armv7hl-redhat-linux-gnueabi/4.8.5/crtend.o] ==> ignore
    arg [/usr/lib/gcc/armv7hl-redhat-linux-gnueabi/4.8.5/../../../crtn.o] ==> ignore
  remove lib [gcc]
  remove lib [gcc_s]
  remove lib [gcc]
  remove lib [gcc_s]
  collapse library dir [/usr/lib/gcc/armv7hl-redhat-linux-gnueabi/4.8.5] ==> [/usr/lib/gcc/armv7hl-redhat-linux-gnueabi/4.8.5]
  collapse library dir [/usr/lib/gcc/armv7hl-redhat-linux-gnueabi/4.8.5/../../..] ==> [/usr/lib]
  implicit libs: [c]
  implicit dirs: [/usr/lib/gcc/armv7hl-redhat-linux-gnueabi/4.8.5;/usr/lib]
  implicit fwks: []


Determining if the CXX compiler works passed with the following output:
Change Dir: /root/clock/clock_sync/CMakeFiles/CMakeTmp

Run Build Command:/usr/bin/gmake "cmTryCompileExec1660557958/fast"
/usr/bin/gmake -f CMakeFiles/cmTryCompileExec1660557958.dir/build.make CMakeFiles/cmTryCompileExec1660557958.dir/build
gmake[1]: Entering directory `/root/clock/clock_sync/CMakeFiles/CMakeTmp'
/usr/bin/cmake -E cmake_progress_report /root/clock/clock_sync/CMakeFiles/CMakeTmp/CMakeFiles 1
Building CXX object CMakeFiles/cmTryCompileExec1660557958.dir/testCXXCompiler.cxx.o
/usr/bin/c++     -o CMakeFiles/cmTryCompileExec1660557958.dir/testCXXCompiler.cxx.o -c /root/clock/clock_sync/CMakeFiles/CMakeTmp/testCXXCompiler.cxx
Linking CXX executable cmTryCompileExec1660557958
/usr/bin/cmake -E cmake_link_script CMakeFiles/cmTryCompileExec1660557958.dir/link.txt --verbose=1
/usr/bin/c++        CMakeFiles/cmTryCompileExec1660557958.dir/testCXXCompiler.cxx.o  -o cmTryCompileExec1660557958 -rdynamic 
gmake[1]: Leaving directory `/root/clock/clock_sync/CMakeFiles/CMakeTmp'


Detecting CXX compiler ABI info compiled with the following output:
Change Dir: /root/clock/clock_sync/CMakeFiles/CMakeTmp

Run Build Command:/usr/bin/gmake "cmTryCompileExec3459737208/fast"
/usr/bin/gmake -f CMakeFiles/cmTryCompileExec3459737208.dir/build.make CMakeFiles/cmTryCompileExec3459737208.dir/build
gmake[1]: Entering directory `/root/clock/clock_sync/CMakeFiles/CMakeTmp'
gmake[1]: Warning: File `/usr/share/cmake/Modules/CMakeCXXCompilerABI.cpp' has modification time 1610471559 s in the future
/usr/bin/cmake -E cmake_progress_report /root/clock/clock_sync/CMakeFiles/CMakeTmp/CMakeFiles 1
Building CXX object CMakeFiles/cmTryCompileExec3459737208.dir/CMakeCXXCompilerABI.cpp.o
/usr/bin/c++     -o CMakeFiles/cmTryCompileExec3459737208.dir/CMakeCXXCompilerABI.cpp.o -c /usr/share/cmake/Modules/CMakeCXXCompilerABI.cpp
Linking CXX executable cmTryCompileExec3459737208
/usr/bin/cmake -E cmake_link_script CMakeFiles/cmTryCompileExec3459737208.dir/link.txt --verbose=1
/usr/bin/c++      -v CMakeFiles/cmTryCompileExec3459737208.dir/CMakeCXXCompilerABI.cpp.o  -o cmTryCompileExec3459737208 -rdynamic  
Using built-in specs.
COLLECT_GCC=/usr/bin/c++
COLLECT_LTO_WRAPPER=/usr/libexec/gcc/armv7hl-redhat-linux-gnueabi/4.8.5/lto-wrapper
Target: armv7hl-redhat-linux-gnueabi
Configured with: ../configure --prefix=/usr --mandir=/usr/share/man --infodir=/usr/share/info --with-bugurl=http://bugzilla.redhat.com/bugzilla --enable-bootstrap --enable-shared --enable-threads=posix --enable-checking=release --with-system-zlib --enable-__cxa_atexit --disable-libunwind-exceptions --enable-gnu-unique-object --enable-linker-build-id --with-linker-hash-style=gnu --enable-languages=c,c++,objc,obj-c++,java,fortran,ada,go,lto --enable-plugin --enable-initfini-array --disable-libgcj --with-isl=/builddir/build/BUILD/gcc-4.8.5-20150702/obj-armv7hl-redhat-linux-gnueabi/isl-install --with-cloog=/builddir/build/BUILD/gcc-4.8.5-20150702/obj-armv7hl-redhat-linux-gnueabi/cloog-install --enable-gnu-indirect-function --disable-sjlj-exceptions --with-cpu=cortex-a8 --with-tune=cortex-a8 --with-arch=armv7-a --with-float=hard --with-fpu=vfpv3-d16 --with-abi=aapcs-linux --build=armv7hl-redhat-linux-gnueabi
Thread model: posix
gcc version 4.8.5 20150623 (Red Hat 4.8.5-39) (GCC) 
COMPILER_PATH=/usr/libexec/gcc/armv7hl-redhat-linux-gnueabi/4.8.5/:/usr/libexec/gcc/armv7hl-redhat-linux-gnueabi/4.8.5/:/usr/libexec/gcc/armv7hl-redhat-linux-gnueabi/:/usr/lib/gcc/armv7hl-redhat-linux-gnueabi/4.8.5/:/usr/lib/gcc/armv7hl-redhat-linux-gnueabi/
LIBRARY_PATH=/usr/lib/gcc/armv7hl-redhat-linux-gnueabi/4.8.5/:/usr/lib/gcc/armv7hl-redhat-linux-gnueabi/4.8.5/../../../:/lib/:/usr/lib/
COLLECT_GCC_OPTIONS='-v' '-o' 'cmTryCompileExec3459737208' '-rdynamic' '-shared-libgcc' '-march=armv7-a' '-mtune=cortex-a8' '-mfloat-abi=hard' '-mfpu=vfpv3-d16' '-mabi=aapcs-linux' '-mtls-dialect=gnu'
 /usr/libexec/gcc/armv7hl-redhat-linux-gnueabi/4.8.5/collect2 --build-id --no-add-needed --eh-frame-hdr --hash-style=gnu -export-dynamic -dynamic-linker /lib/ld-linux-armhf.so.3 -X -m armelf_linux_eabi -o cmTryCompileExec3459737208 /usr/lib/gcc/armv7hl-redhat-linux-gnueabi/4.8.5/../../../crt1.o /usr/lib/gcc/armv7hl-redhat-linux-gnueabi/4.8.5/../../../crti.o /usr/lib/gcc/armv7hl-redhat-linux-gnueabi/4.8.5/crtbegin.o -L/usr/lib/gcc/armv7hl-redhat-linux-gnueabi/4.8.5 -L/usr/lib/gcc/armv7hl-redhat-linux-gnueabi/4.8.5/../../.. CMakeFiles/cmTryCompileExec3459737208.dir/CMakeCXXCompilerABI.cpp.o -lstdc++ -lm -lgcc_s -lgcc -lc -lgcc_s -lgcc /usr/lib/gcc/armv7hl-redhat-linux-gnueabi/4.8.5/crtend.o /usr/lib/gcc/armv7hl-redhat-linux-gnueabi/4.8.5/../../../crtn.o
gmake[1]: warning:  Clock skew detected.  Your build may be incomplete.
gmake[1]: Leaving directory `/root/clock/clock_sync/CMakeFiles/CMakeTmp'


Parsed CXX implicit link information from above output:
  link line regex: [^( *|.*[/\])(ld|([^/\]+-)?ld|collect2)[^/\]*( |$)]
  ignore line: [Change Dir: /root/clock/clock_sync/CMakeFiles/CMakeTmp]
  ignore line: []
  ignore line: [Run Build Command:/usr/bin/gmake "cmTryCompileExec3459737208/fast"]
  ignore line: [/usr/bin/gmake -f CMakeFiles/cmTryCompileExec3459737208.dir/build.make CMakeFiles/cmTryCompileExec3459737208.dir/build]
  ignore line: [gmake[1]: Entering directory `/root/clock/clock_sync/CMakeFiles/CMakeTmp']
  ignore line: [gmake[1]: Warning: File `/usr/share/cmake/Modules/CMakeCXXCompilerABI.cpp' has modification time 1610471559 s in the future]
  ignore line: [/usr/bin/cmake -E cmake_progress_report /root/clock/clock_sync/CMakeFiles/CMakeTmp/CMakeFiles 1]
  ignore line: [Building CXX object CMakeFiles/cmTryCompileExec3459737208.dir/CMakeCXXCompilerABI.cpp.o]
  ignore line: [/usr/bin/c++     -o CMakeFiles/cmTryCompileExec3459737208.dir/CMakeCXXCompilerABI.cpp.o -c /usr/share/cmake/Modules/CMakeCXXCompilerABI.cpp]
  ignore line: [Linking CXX executable cmTryCompileExec3459737208]
  ignore line: [/usr/bin/cmake -E cmake_link_script CMakeFiles/cmTryCompileExec3459737208.dir/link.txt --verbose=1]
  ignore line: [/usr/bin/c++      -v CMakeFiles/cmTryCompileExec3459737208.dir/CMakeCXXCompilerABI.cpp.o  -o cmTryCompileExec3459737208 -rdynamic  ]
  ignore line: [Using built-in specs.]
  ignore line: [COLLECT_GCC=/usr/bin/c++]
  ignore line: [COLLECT_LTO_WRAPPER=/usr/libexec/gcc/armv7hl-redhat-linux-gnueabi/4.8.5/lto-wrapper]
  ignore line: [Target: armv7hl-redhat-linux-gnueabi]
  ignore line: [Configured with: ../configure --prefix=/usr --mandir=/usr/share/man --infodir=/usr/share/info --with-bugurl=http://bugzilla.redhat.com/bugzilla --enable-bootstrap --enable-shared --enable-threads=posix --enable-checking=release --with-system-zlib --enable-__cxa_atexit --disable-libunwind-exceptions --enable-gnu-unique-object --enable-linker-build-id --with-linker-hash-style=gnu --enable-languages=c,c++,objc,obj-c++,java,fortran,ada,go,lto --enable-plugin --enable-initfini-array --disable-libgcj --with-isl=/builddir/build/BUILD/gcc-4.8.5-20150702/obj-armv7hl-redhat-linux-gnueabi/isl-install --with-cloog=/builddir/build/BUILD/gcc-4.8.5-20150702/obj-armv7hl-redhat-linux-gnueabi/cloog-install --enable-gnu-indirect-function --disable-sjlj-exceptions --with-cpu=cortex-a8 --with-tune=cortex-a8 --with-arch=armv7-a --with-float=hard --with-fpu=vfpv3-d16 --with-abi=aapcs-linux --build=armv7hl-redhat-linux-gnueabi]
  ignore line: [Thread model: posix]
  ignore line: [gcc version 4.8.5 20150623 (Red Hat 4.8.5-39) (GCC) ]
  ignore line: [COMPILER_PATH=/usr/libexec/gcc/armv7hl-redhat-linux-gnueabi/4.8.5/:/usr/libexec/gcc/armv7hl-redhat-linux-gnueabi/4.8.5/:/usr/libexec/gcc/armv7hl-redhat-linux-gnueabi/:/usr/lib/gcc/armv7hl-redhat-linux-gnueabi/4.8.5/:/usr/lib/gcc/armv7hl-redhat-linux-gnueabi/]
  ignore line: [LIBRARY_PATH=/usr/lib/gcc/armv7hl-redhat-linux-gnueabi/4.8.5/:/usr/lib/gcc/armv7hl-redhat-linux-gnueabi/4.8.5/../../../:/lib/:/usr/lib/]
  ignore line: [COLLECT_GCC_OPTIONS='-v' '-o' 'cmTryCompileExec3459737208' '-rdynamic' '-shared-libgcc' '-march=armv7-a' '-mtune=cortex-a8' '-mfloat-abi=hard' '-mfpu=vfpv3-d16' '-mabi=aapcs-linux' '-mtls-dialect=gnu']
  link line: [ /usr/libexec/gcc/armv7hl-redhat-linux-gnueabi/4.8.5/collect2 --build-id --no-add-needed --eh-frame-hdr --hash-style=gnu -export-dynamic -dynamic-linker /lib/ld-linux-armhf.so.3 -X -m armelf_linux_eabi -o cmTryCompileExec3459737208 /usr/lib/gcc/armv7hl-redhat-linux-gnueabi/4.8.5/../../../crt1.o /usr/lib/gcc/armv7hl-redhat-linux-gnueabi/4.8.5/../../../crti.o /usr/lib/gcc/armv7hl-redhat-linux-gnueabi/4.8.5/crtbegin.o -L/usr/lib/gcc/armv7hl-redhat-linux-gnueabi/4.8.5 -L/usr/lib/gcc/armv7hl-redhat-linux-gnueabi/4.8.5/../../.. CMakeFiles/cmTryCompileExec3459737208.dir/CMakeCXXCompilerABI.cpp.o -lstdc++ -lm -lgcc_s -lgcc -lc -lgcc_s -lgcc /usr/lib/gcc/armv7hl-redhat-linux-gnueabi/4.8.5/crtend.o /usr/lib/gcc/armv7hl-redhat-linux-gnueabi/4.8.5/../../../crtn.o]
    arg [/usr/libexec/gcc/armv7hl-redhat-linux-gnueabi/4.8.5/collect2] ==> ignore
    arg [--build-id] ==> ignore
    arg [--no-add-needed] ==> ignore
    arg [--eh-frame-hdr] ==> ignore
    arg [--hash-style=gnu] ==> ignore
    arg [-export-dynamic] ==> ignore
    arg [-dynamic-linker] ==> ignore
    arg [/lib/ld-linux-armhf.so.3] ==> ignore
    arg [-X] ==> ignore
    arg [-m] ==> ignore
    arg [armelf_linux_eabi] ==> ignore
    arg [-o] ==> ignore
    arg [cmTryCompileExec3459737208] ==> ignore
    arg [/usr/lib/gcc/armv7hl-redhat-linux-gnueabi/4.8.5/../../../crt1.o] ==> ignore
    arg [/usr/lib/gcc/armv7hl-redhat-linux-gnueabi/4.8.5/../../../crti.o] ==> ignore
    arg [/usr/lib/gcc/armv7hl-redhat-linux-gnueabi/4.8.5/crtbegin.o] ==> ignore
    arg [-L/usr/lib/gcc/armv7hl-redhat-linux-gnueabi/4.8.5] ==> dir [/usr/lib/gcc/armv7hl-redhat-linux-gnueabi/4.8.5]
    arg [-L/usr/lib/gcc/armv7hl-redhat-linux-gnueabi/4.8.5/../../..] ==> dir [/usr/lib/gcc/armv7hl-redhat-linux-gnueabi/4.8.5/../../..]
    arg [CMakeFiles/cmTryCompileExec3459737208.dir/CMakeCXXCompilerABI.cpp.o] ==> ignore
    arg [-lstdc++] ==> lib [stdc++]
    arg [-lm] ==> lib [m]
    arg [-lgcc_s] ==> lib [gcc_s]
    arg [-lgcc] ==> lib [gcc]
    arg [-lc] ==> lib [c]
    arg [-lgcc_s] ==> lib [gcc_s]
    arg [-lgcc] ==> lib [gcc]
    arg [/usr/lib/gcc/armv7hl-redhat-linux-gnueabi/4.8.5/crtend.o] ==> ignore
    arg [/usr/lib/gcc/armv7hl-redhat-linux-gnueabi/4.8.5/../../../crtn.o] ==> ignore
  remove lib [gcc_s]
  remove lib [gcc]
  remove lib [gcc_s]
  remove lib [gcc]
  collapse library dir [/usr/lib/gcc/armv7hl-redhat-linux-gnueabi/4.8.5] ==> [/usr/lib/gcc/armv7hl-redhat-linux-gnueabi/4.8.5]
  collapse library dir [/usr/lib/gcc/armv7hl-redhat-linux-gnueabi/4.8.5/../../..] ==> [/usr/lib]
  implicit libs: [stdc++;m;c]
  implicit dirs: [/usr/lib/gcc/armv7hl-redhat-linux-gnueabi/4.8.5;/usr/lib]
  implicit fwks: []


